<?xml version="1.0" encoding="UTF-8"?>
<!-- Generated by org.testng.reporters.JUnitReportReporter -->
<testsuite hostname="LAPTOP-JF7LLMJD" failures="0" tests="4" name="api.test.UserTests" time="2.012" errors="0" timestamp="2024-12-28T22:42:01 EST" skipped="0">
  <testcase classname="api.test.UserTests" name="testPostUser" time="1.308"/>
  <testcase classname="api.test.UserTests" name="testgetUser" time="0.206"/>
  <testcase classname="api.test.UserTests" name="testUpdateUser" time="0.335"/>
  <testcase classname="api.test.UserTests" name="testDeleteUser" time="0.163"/>
</testsuite> <!-- api.test.UserTests -->
