<?xml version="1.0" encoding="UTF-8"?>
<!-- Generated by org.testng.reporters.JUnitReportReporter -->
<testsuite hostname="LAPTOP-JF7LLMJD" failures="0" tests="4" name="api.test.UserTests" time="2.262" errors="0" timestamp="2024-12-28T20:27:35 EST" skipped="0">
  <testcase classname="api.test.UserTests" name="testPostUser" time="1.489"/>
  <testcase classname="api.test.UserTests" name="testgetUser" time="0.164"/>
  <testcase classname="api.test.UserTests" name="testUpdateUser" time="0.457"/>
  <testcase classname="api.test.UserTests" name="testDeleteUser" time="0.152"/>
</testsuite> <!-- api.test.UserTests -->
